  main.cpp
c:\users\hypercraft.hypercraft-pc\desktop\firstprogrammingproject\file.h(14): warning C4018: '<': signed/unsigned mismatch
c:\users\hypercraft.hypercraft-pc\desktop\firstprogrammingproject\file.h(21): warning C4018: '<': signed/unsigned mismatch
c:\users\hypercraft.hypercraft-pc\desktop\firstprogrammingproject\file.h(128): warning C4244: '=': conversion from '__int64' to 'int', possible loss of data
c:\users\hypercraft.hypercraft-pc\desktop\firstprogrammingproject\file.h(130): warning C4244: '=': conversion from '__int64' to 'int', possible loss of data
c:\users\hypercraft.hypercraft-pc\desktop\firstprogrammingproject\file.h(243): warning C4244: 'argument': conversion from 'lint' to 'const unsigned int', possible loss of data
c:\users\hypercraft.hypercraft-pc\desktop\firstprogrammingproject\file.h(245): warning C4244: 'argument': conversion from 'lint' to 'const unsigned int', possible loss of data
c:\users\hypercraft.hypercraft-pc\desktop\firstprogrammingproject\file.h(247): warning C4244: 'argument': conversion from 'lint' to 'const unsigned int', possible loss of data
c:\users\hypercraft.hypercraft-pc\desktop\firstprogrammingproject\file.h(249): warning C4244: 'argument': conversion from 'lint' to 'const unsigned int', possible loss of data
c:\users\hypercraft.hypercraft-pc\desktop\firstprogrammingproject\file.h(251): warning C4244: 'argument': conversion from 'lint' to 'const unsigned int', possible loss of data
c:\users\hypercraft.hypercraft-pc\desktop\firstprogrammingproject\file.h(253): warning C4244: 'argument': conversion from 'lint' to 'const unsigned int', possible loss of data
c:\users\hypercraft.hypercraft-pc\desktop\firstprogrammingproject\file.h(255): warning C4244: 'argument': conversion from 'lint' to 'const unsigned int', possible loss of data
c:\users\hypercraft.hypercraft-pc\desktop\firstprogrammingproject\file.h(257): warning C4244: 'argument': conversion from 'lint' to 'const unsigned int', possible loss of data
c:\users\hypercraft.hypercraft-pc\desktop\firstprogrammingproject\file.h(268): warning C4244: 'argument': conversion from 'lint' to 'const unsigned int', possible loss of data
c:\users\hypercraft.hypercraft-pc\desktop\firstprogrammingproject\file.h(270): warning C4244: 'argument': conversion from 'lint' to 'const unsigned int', possible loss of data
c:\users\hypercraft.hypercraft-pc\desktop\firstprogrammingproject\file.h(272): warning C4244: 'argument': conversion from 'lint' to 'const unsigned int', possible loss of data
c:\users\hypercraft.hypercraft-pc\desktop\firstprogrammingproject\file.h(274): warning C4244: 'argument': conversion from 'lint' to 'const unsigned int', possible loss of data
c:\users\hypercraft.hypercraft-pc\desktop\firstprogrammingproject\file.h(276): warning C4244: 'argument': conversion from 'lint' to 'const unsigned int', possible loss of data
c:\users\hypercraft.hypercraft-pc\desktop\firstprogrammingproject\file.h(278): warning C4244: 'argument': conversion from 'lint' to 'const unsigned int', possible loss of data
c:\users\hypercraft.hypercraft-pc\desktop\firstprogrammingproject\file.h(280): warning C4244: 'argument': conversion from 'lint' to 'const unsigned int', possible loss of data
c:\users\hypercraft.hypercraft-pc\desktop\firstprogrammingproject\file.h(282): warning C4244: 'argument': conversion from 'lint' to 'const unsigned int', possible loss of data
c:\users\hypercraft.hypercraft-pc\desktop\firstprogrammingproject\file.h(294): warning C4244: 'argument': conversion from 'lint' to 'const unsigned int', possible loss of data
c:\users\hypercraft.hypercraft-pc\desktop\firstprogrammingproject\file.h(296): warning C4244: 'argument': conversion from 'lint' to 'const unsigned int', possible loss of data
c:\users\hypercraft.hypercraft-pc\desktop\firstprogrammingproject\file.h(298): warning C4244: 'argument': conversion from 'lint' to 'const unsigned int', possible loss of data
c:\users\hypercraft.hypercraft-pc\desktop\firstprogrammingproject\file.h(300): warning C4244: 'argument': conversion from 'lint' to 'const unsigned int', possible loss of data
c:\users\hypercraft.hypercraft-pc\desktop\firstprogrammingproject\file.h(302): warning C4244: 'argument': conversion from 'lint' to 'const unsigned int', possible loss of data
c:\users\hypercraft.hypercraft-pc\desktop\firstprogrammingproject\file.h(304): warning C4244: 'argument': conversion from 'lint' to 'const unsigned int', possible loss of data
c:\users\hypercraft.hypercraft-pc\desktop\firstprogrammingproject\file.h(320): warning C4244: 'argument': conversion from 'lint' to 'const unsigned int', possible loss of data
c:\users\hypercraft.hypercraft-pc\desktop\firstprogrammingproject\file.h(322): warning C4244: 'argument': conversion from 'lint' to 'const unsigned int', possible loss of data
c:\users\hypercraft.hypercraft-pc\desktop\firstprogrammingproject\file.h(324): warning C4244: 'argument': conversion from 'lint' to 'const unsigned int', possible loss of data
c:\users\hypercraft.hypercraft-pc\desktop\firstprogrammingproject\file.h(326): warning C4244: 'argument': conversion from 'lint' to 'const unsigned int', possible loss of data
c:\users\hypercraft.hypercraft-pc\desktop\firstprogrammingproject\file.h(328): warning C4244: 'argument': conversion from 'lint' to 'const unsigned int', possible loss of data
c:\users\hypercraft.hypercraft-pc\desktop\firstprogrammingproject\file.h(330): warning C4244: 'argument': conversion from 'lint' to 'const unsigned int', possible loss of data
c:\users\hypercraft.hypercraft-pc\desktop\firstprogrammingproject\file.h(332): warning C4244: 'argument': conversion from 'lint' to 'const unsigned int', possible loss of data
c:\users\hypercraft.hypercraft-pc\desktop\firstprogrammingproject\file.h(334): warning C4244: 'argument': conversion from 'lint' to 'const unsigned int', possible loss of data
c:\users\hypercraft.hypercraft-pc\desktop\firstprogrammingproject\file.h(336): warning C4244: 'argument': conversion from 'lint' to 'const unsigned int', possible loss of data
c:\users\hypercraft.hypercraft-pc\desktop\firstprogrammingproject\file.h(353): warning C4244: 'argument': conversion from 'lint' to 'const unsigned int', possible loss of data
c:\users\hypercraft.hypercraft-pc\desktop\firstprogrammingproject\file.h(355): warning C4244: 'argument': conversion from 'lint' to 'const unsigned int', possible loss of data
c:\users\hypercraft.hypercraft-pc\desktop\firstprogrammingproject\file.h(357): warning C4244: 'argument': conversion from 'lint' to 'const unsigned int', possible loss of data
c:\users\hypercraft.hypercraft-pc\desktop\firstprogrammingproject\file.h(359): warning C4244: 'argument': conversion from 'lint' to 'const unsigned int', possible loss of data
c:\users\hypercraft.hypercraft-pc\desktop\firstprogrammingproject\file.h(361): warning C4244: 'argument': conversion from 'lint' to 'const unsigned int', possible loss of data
c:\users\hypercraft.hypercraft-pc\desktop\firstprogrammingproject\file.h(363): warning C4244: 'argument': conversion from 'lint' to 'const unsigned int', possible loss of data
c:\users\hypercraft.hypercraft-pc\desktop\firstprogrammingproject\file.h(365): warning C4244: 'argument': conversion from 'lint' to 'const unsigned int', possible loss of data
c:\users\hypercraft.hypercraft-pc\desktop\firstprogrammingproject\file.h(377): warning C4244: 'argument': conversion from 'lint' to 'const unsigned int', possible loss of data
c:\users\hypercraft.hypercraft-pc\desktop\firstprogrammingproject\file.h(379): warning C4244: 'argument': conversion from 'lint' to 'const unsigned int', possible loss of data
c:\users\hypercraft.hypercraft-pc\desktop\firstprogrammingproject\file.h(381): warning C4244: 'argument': conversion from 'lint' to 'const unsigned int', possible loss of data
c:\users\hypercraft.hypercraft-pc\desktop\firstprogrammingproject\customerf.h(16): warning C4244: 'argument': conversion from '__int64' to 'const unsigned int', possible loss of data
c:\users\hypercraft.hypercraft-pc\desktop\firstprogrammingproject\customerf.h(25): warning C4244: 'argument': conversion from 'lint' to 'const unsigned int', possible loss of data
c:\users\hypercraft.hypercraft-pc\desktop\firstprogrammingproject\customerf.h(26): warning C4244: '=': conversion from 'lint' to 'int', possible loss of data
c:\users\hypercraft.hypercraft-pc\desktop\firstprogrammingproject\customerf.h(36): warning C4018: '<': signed/unsigned mismatch
c:\users\hypercraft.hypercraft-pc\desktop\firstprogrammingproject\customerf.h(43): warning C4018: '<': signed/unsigned mismatch
c:\users\hypercraft.hypercraft-pc\desktop\firstprogrammingproject\customerf.h(60): warning C4244: 'argument': conversion from '__int64' to 'const unsigned int', possible loss of data
c:\users\hypercraft.hypercraft-pc\desktop\firstprogrammingproject\customerf.h(68): warning C4244: '=': conversion from 'double' to '__int64', possible loss of data
c:\users\hypercraft.hypercraft-pc\desktop\firstprogrammingproject\customerf.h(88): warning C4018: '<': signed/unsigned mismatch
c:\users\hypercraft.hypercraft-pc\desktop\firstprogrammingproject\customerf.h(123): warning C4244: 'argument': conversion from '__int64' to 'const unsigned int', possible loss of data
c:\users\hypercraft.hypercraft-pc\desktop\firstprogrammingproject\customerf.h(124): warning C4244: 'argument': conversion from '__int64' to 'const unsigned int', possible loss of data
c:\users\hypercraft.hypercraft-pc\desktop\firstprogrammingproject\customerf.h(130): warning C4244: 'argument': conversion from '__int64' to 'const unsigned int', possible loss of data
c:\users\hypercraft.hypercraft-pc\desktop\firstprogrammingproject\customerf.h(137): warning C4244: 'argument': conversion from '__int64' to 'const unsigned int', possible loss of data
c:\users\hypercraft.hypercraft-pc\desktop\firstprogrammingproject\customerf.h(144): warning C4018: '<': signed/unsigned mismatch
c:\users\hypercraft.hypercraft-pc\desktop\firstprogrammingproject\customerf.h(161): warning C4018: '<': signed/unsigned mismatch
c:\users\hypercraft.hypercraft-pc\desktop\firstprogrammingproject\customerf.h(172): warning C4244: 'argument': conversion from '__int64' to 'const unsigned int', possible loss of data
c:\users\hypercraft.hypercraft-pc\desktop\firstprogrammingproject\customerf.h(176): warning C4244: 'argument': conversion from '__int64' to 'const unsigned int', possible loss of data
c:\users\hypercraft.hypercraft-pc\desktop\firstprogrammingproject\customerf.h(178): warning C4244: 'argument': conversion from '__int64' to 'const unsigned int', possible loss of data
c:\users\hypercraft.hypercraft-pc\desktop\firstprogrammingproject\customerf.h(183): warning C4244: 'argument': conversion from '__int64' to 'const unsigned int', possible loss of data
c:\users\hypercraft.hypercraft-pc\desktop\firstprogrammingproject\customerf.h(224): warning C4018: '<': signed/unsigned mismatch
c:\users\hypercraft.hypercraft-pc\desktop\firstprogrammingproject\customerf.h(236): warning C4018: '<': signed/unsigned mismatch
c:\users\hypercraft.hypercraft-pc\desktop\firstprogrammingproject\customerf.h(246): warning C4244: 'argument': conversion from '__int64' to 'const unsigned int', possible loss of data
c:\users\hypercraft.hypercraft-pc\desktop\firstprogrammingproject\customerf.h(248): warning C4244: 'argument': conversion from '__int64' to 'const unsigned int', possible loss of data
c:\users\hypercraft.hypercraft-pc\desktop\firstprogrammingproject\customerf.h(258): warning C4244: 'argument': conversion from '__int64' to 'const unsigned int', possible loss of data
c:\users\hypercraft.hypercraft-pc\desktop\firstprogrammingproject\customerf.h(260): warning C4244: 'argument': conversion from '__int64' to 'const unsigned int', possible loss of data
c:\users\hypercraft.hypercraft-pc\desktop\firstprogrammingproject\customerf.h(290): warning C4018: '<': signed/unsigned mismatch
c:\users\hypercraft.hypercraft-pc\desktop\firstprogrammingproject\customerf.h(302): warning C4018: '<': signed/unsigned mismatch
c:\users\hypercraft.hypercraft-pc\desktop\firstprogrammingproject\customerf.h(330): warning C4018: '<': signed/unsigned mismatch
c:\users\hypercraft.hypercraft-pc\desktop\firstprogrammingproject\customerf.h(351): warning C4244: 'argument': conversion from '__int64' to 'const unsigned int', possible loss of data
c:\users\hypercraft.hypercraft-pc\desktop\firstprogrammingproject\customerf.h(360): warning C4018: '<': signed/unsigned mismatch
c:\users\hypercraft.hypercraft-pc\desktop\firstprogrammingproject\customerf.h(378): warning C4018: '<': signed/unsigned mismatch
c:\users\hypercraft.hypercraft-pc\desktop\firstprogrammingproject\customerf.h(395): warning C4018: '<': signed/unsigned mismatch
c:\users\hypercraft.hypercraft-pc\desktop\firstprogrammingproject\driverf.h(5): warning C4244: 'argument': conversion from 'lint' to 'const unsigned int', possible loss of data
c:\users\hypercraft.hypercraft-pc\desktop\firstprogrammingproject\driverf.h(83): warning C4018: '<': signed/unsigned mismatch
c:\users\hypercraft.hypercraft-pc\desktop\firstprogrammingproject\driverf.h(96): warning C4018: '<': signed/unsigned mismatch
c:\users\hypercraft.hypercraft-pc\desktop\firstprogrammingproject\driverf.h(106): warning C4244: 'argument': conversion from '__int64' to 'const unsigned int', possible loss of data
c:\users\hypercraft.hypercraft-pc\desktop\firstprogrammingproject\driverf.h(108): warning C4244: 'argument': conversion from '__int64' to 'const unsigned int', possible loss of data
c:\users\hypercraft.hypercraft-pc\desktop\firstprogrammingproject\driverf.h(108): warning C4244: '+=': conversion from 'double' to 'lint', possible loss of data
c:\users\hypercraft.hypercraft-pc\desktop\firstprogrammingproject\driverf.h(121): warning C4018: '<': signed/unsigned mismatch
c:\users\hypercraft.hypercraft-pc\desktop\firstprogrammingproject\driverf.h(135): warning C4244: 'argument': conversion from '__int64' to 'const unsigned int', possible loss of data
c:\users\hypercraft.hypercraft-pc\desktop\firstprogrammingproject\driverf.h(137): warning C4244: 'argument': conversion from '__int64' to 'const unsigned int', possible loss of data
c:\users\hypercraft.hypercraft-pc\desktop\firstprogrammingproject\driverf.h(145): warning C4244: 'argument': conversion from '__int64' to 'const unsigned int', possible loss of data
c:\users\hypercraft.hypercraft-pc\desktop\firstprogrammingproject\driverf.h(146): warning C4244: 'argument': conversion from '__int64' to 'const unsigned int', possible loss of data
c:\users\hypercraft.hypercraft-pc\desktop\firstprogrammingproject\driverf.h(147): warning C4244: 'argument': conversion from '__int64' to 'const unsigned int', possible loss of data
c:\users\hypercraft.hypercraft-pc\desktop\firstprogrammingproject\driverf.h(148): warning C4244: 'argument': conversion from '__int64' to 'const unsigned int', possible loss of data
c:\users\hypercraft.hypercraft-pc\desktop\firstprogrammingproject\driverf.h(149): warning C4244: 'argument': conversion from '__int64' to 'const unsigned int', possible loss of data
c:\users\hypercraft.hypercraft-pc\desktop\firstprogrammingproject\driverf.h(157): warning C4244: 'argument': conversion from '__int64' to 'const unsigned int', possible loss of data
c:\users\hypercraft.hypercraft-pc\desktop\firstprogrammingproject\driverf.h(158): warning C4244: 'argument': conversion from '__int64' to 'const unsigned int', possible loss of data
c:\users\hypercraft.hypercraft-pc\desktop\firstprogrammingproject\driverf.h(165): warning C4244: 'argument': conversion from '__int64' to 'const unsigned int', possible loss of data
c:\users\hypercraft.hypercraft-pc\desktop\firstprogrammingproject\driverf.h(173): warning C4244: 'argument': conversion from '__int64' to 'const unsigned int', possible loss of data
c:\users\hypercraft.hypercraft-pc\desktop\firstprogrammingproject\ticket.h(4): warning C4018: '<': signed/unsigned mismatch
c:\users\hypercraft.hypercraft-pc\desktop\firstprogrammingproject\ticket.h(23): warning C4018: '<': signed/unsigned mismatch
c:\users\hypercraft.hypercraft-pc\desktop\firstprogrammingproject\main.cpp(151): warning C4244: 'argument': conversion from '__int64' to 'const unsigned int', possible loss of data
c:\users\hypercraft.hypercraft-pc\desktop\firstprogrammingproject\main.cpp(161): warning C4244: 'argument': conversion from '__int64' to 'const unsigned int', possible loss of data
c:\users\hypercraft.hypercraft-pc\desktop\firstprogrammingproject\main.cpp(198): warning C4244: 'argument': conversion from '__int64' to 'const unsigned int', possible loss of data
c:\users\hypercraft.hypercraft-pc\desktop\firstprogrammingproject\main.cpp(207): warning C4244: 'argument': conversion from '__int64' to 'const unsigned int', possible loss of data
c:\users\hypercraft.hypercraft-pc\desktop\firstprogrammingproject\main.cpp(266): warning C4244: 'argument': conversion from '__int64' to 'const unsigned int', possible loss of data
c:\users\hypercraft.hypercraft-pc\desktop\firstprogrammingproject\main.cpp(275): warning C4244: 'argument': conversion from '__int64' to 'const unsigned int', possible loss of data
c:\users\hypercraft.hypercraft-pc\desktop\firstprogrammingproject\main.cpp(283): warning C4244: 'argument': conversion from '__int64' to 'const unsigned int', possible loss of data
c:\users\hypercraft.hypercraft-pc\desktop\firstprogrammingproject\main.cpp(410): warning C4244: 'argument': conversion from '__int64' to 'const unsigned int', possible loss of data
c:\users\hypercraft.hypercraft-pc\desktop\firstprogrammingproject\main.cpp(427): warning C4244: 'argument': conversion from '__int64' to 'const unsigned int', possible loss of data
c:\users\hypercraft.hypercraft-pc\desktop\firstprogrammingproject\main.cpp(428): warning C4244: 'argument': conversion from '__int64' to 'const unsigned int', possible loss of data
c:\users\hypercraft.hypercraft-pc\desktop\firstprogrammingproject\main.cpp(447): warning C4244: 'argument': conversion from '__int64' to 'const unsigned int', possible loss of data
c:\users\hypercraft.hypercraft-pc\desktop\firstprogrammingproject\main.cpp(461): warning C4244: 'argument': conversion from '__int64' to 'const unsigned int', possible loss of data
c:\users\hypercraft.hypercraft-pc\desktop\firstprogrammingproject\main.cpp(268): warning C4101: 'kkk': unreferenced local variable
c:\users\hypercraft.hypercraft-pc\desktop\firstprogrammingproject\customerf.h(127): warning C4715: 'CustomerMony': not all control paths return a value
c:\users\hypercraft.hypercraft-pc\desktop\firstprogrammingproject\customerf.h(134): warning C4715: 'AccountId': not all control paths return a value
c:\users\hypercraft.hypercraft-pc\desktop\firstprogrammingproject\customerf.h(141): warning C4715: 'DriverId': not all control paths return a value
c:\users\hypercraft.hypercraft-pc\desktop\firstprogrammingproject\customerf.h(401): warning C4715: 'UserNameToIndex': not all control paths return a value
c:\users\hypercraft.hypercraft-pc\desktop\firstprogrammingproject\customerf.h(393): warning C4715: 'TripIndex': not all control paths return a value
  TransportProject.vcxproj -> C:\Users\HyperCraft.HyperCraft-PC\Desktop\TransportProject\Debug\TransportProject.exe
